<?xml version="1.0" encoding="UTF-8"?>
<testsuite name="com.app.server.service.appone.mapone.NameoneTestCase" tests="5" skipped="0" failures="0" errors="0" timestamp="2016-03-31T14:17:16" hostname="3bf93d6a7666" time="20.206">
  <properties/>
  <testcase name="test1Save" classname="com.app.server.service.appone.mapone.NameoneTestCase" time="20.164"/>
  <testcase name="test2Update" classname="com.app.server.service.appone.mapone.NameoneTestCase" time="0.019"/>
  <testcase name="test3FindById" classname="com.app.server.service.appone.mapone.NameoneTestCase" time="0.006"/>
  <testcase name="test5NegativeTesting" classname="com.app.server.service.appone.mapone.NameoneTestCase" time="0.003"/>
  <testcase name="test6Delete" classname="com.app.server.service.appone.mapone.NameoneTestCase" time="0.013"/>
  <system-out><![CDATA[[EL Config]: metadata: 2016-03-31 14:17:21.803--ServerSession(1899465555)--Thread(Thread[Test worker,5,main])--The access type for the persistent class [class com.athena.shared.entity.ArtEntity] is set to [FIELD].
[EL Config]: metadata: 2016-03-31 14:17:21.824--ServerSession(1899465555)--Thread(Thread[Test worker,5,main])--The access type for the persistent class [class com.athena.shared.entity.AuditPropertiesEntity] is set to [FIELD].
[EL Config]: metadata: 2016-03-31 14:17:21.825--ServerSession(1899465555)--Thread(Thread[Test worker,5,main])--The access type for the persistent class [class com.athena.shared.entity.query.ArtQuery] is set to [FIELD].
[EL Config]: metadata: 2016-03-31 14:17:21.827--ServerSession(1899465555)--Thread(Thread[Test worker,5,main])--The access type for the persistent class [class com.app.shared.aaaboundedcontext.authentication.PasswordPolicy] is set to [FIELD].
[EL Config]: metadata: 2016-03-31 14:17:21.83--ServerSession(1899465555)--Thread(Thread[Test worker,5,main])--The access type for the persistent class [class com.app.shared.organizationboundedcontext.location.Language] is set to [FIELD].
[EL Config]: metadata: 2016-03-31 14:17:21.831--ServerSession(1899465555)--Thread(Thread[Test worker,5,main])--The access type for the persistent class [class com.app.shared.organizationboundedcontext.contacts.CommunicationData] is set to [FIELD].
[EL Config]: metadata: 2016-03-31 14:17:21.832--ServerSession(1899465555)--Thread(Thread[Test worker,5,main])--The access type for the persistent class [class com.app.shared.aaaboundedcontext.authorization.Roles] is set to [FIELD].
[EL Config]: metadata: 2016-03-31 14:17:21.838--ServerSession(1899465555)--Thread(Thread[Test worker,5,main])--The target entity (reference) class for the one to many mapping element [field roleMenuBridge] is being defaulted to: class com.app.shared.aaaboundedcontext.authorization.RoleMenuBridge.
[EL Config]: metadata: 2016-03-31 14:17:21.839--ServerSession(1899465555)--Thread(Thread[Test worker,5,main])--The access type for the persistent class [class com.app.shared.aaaboundedcontext.authentication.LoginSession] is set to [FIELD].
[EL Config]: metadata: 2016-03-31 14:17:21.84--ServerSession(1899465555)--Thread(Thread[Test worker,5,main])--The access type for the persistent class [class com.athena.shared.entity.report.ArtChartTemplate] is set to [FIELD].
[EL Config]: metadata: 2016-03-31 14:17:21.84--ServerSession(1899465555)--Thread(Thread[Test worker,5,main])--The access type for the persistent class [class com.app.shared.organizationboundedcontext.location.Country] is set to [FIELD].
[EL Config]: metadata: 2016-03-31 14:17:21.841--ServerSession(1899465555)--Thread(Thread[Test worker,5,main])--The access type for the persistent class [class com.spartan.sprinkler.entity.AuditPropertiesEntity] is set to [FIELD].
[EL Config]: metadata: 2016-03-31 14:17:21.842--ServerSession(1899465555)--Thread(Thread[Test worker,5,main])--The access type for the persistent class [class com.spartan.sprinkler.entity.ArtLogConfig] is set to [FIELD].
[EL Config]: metadata: 2016-03-31 14:17:21.842--ServerSession(1899465555)--Thread(Thread[Test worker,5,main])--The target entity (reference) class for the one to many mapping element [field logConnectors] is being defaulted to: class com.spartan.sprinkler.entity.ArtLogConnector.
[EL Config]: metadata: 2016-03-31 14:17:21.842--ServerSession(1899465555)--Thread(Thread[Test worker,5,main])--The target entity (reference) class for the one to many mapping element [field loggingProperties] is being defaulted to: class com.spartan.sprinkler.entity.ArtLoggingProperties.
[EL Config]: metadata: 2016-03-31 14:17:21.843--ServerSession(1899465555)--Thread(Thread[Test worker,5,main])--The target entity (reference) class for the one to many mapping element [field logSeverity] is being defaulted to: class com.spartan.sprinkler.entity.ArtLogSeverity.
[EL Config]: metadata: 2016-03-31 14:17:21.843--ServerSession(1899465555)--Thread(Thread[Test worker,5,main])--The access type for the persistent class [class com.spartan.healthmeter.entity.ArtHealthStatusConfiguration] is set to [FIELD].
[EL Config]: metadata: 2016-03-31 14:17:21.844--ServerSession(1899465555)--Thread(Thread[Test worker,5,main])--The access type for the persistent class [class com.spartan.sprinkler.entity.ArtLogModule] is set to [FIELD].
[EL Config]: metadata: 2016-03-31 14:17:21.844--ServerSession(1899465555)--Thread(Thread[Test worker,5,main])--The target entity (reference) class for the one to many mapping element [field appAlarm] is being defaulted to: class com.spartan.sprinkler.entity.ArtAppAlarm.
[EL Config]: metadata: 2016-03-31 14:17:21.845--ServerSession(1899465555)--Thread(Thread[Test worker,5,main])--The access type for the persistent class [class com.spartan.sprinkler.entity.ArtAppAlarm] is set to [FIELD].
[EL Config]: metadata: 2016-03-31 14:17:21.85--ServerSession(1899465555)--Thread(Thread[Test worker,5,main])--The target entity (reference) class for the many to one mapping element [field logmodule] is being defaulted to: class com.spartan.sprinkler.entity.ArtLogModule.
[EL Config]: metadata: 2016-03-31 14:17:21.85--ServerSession(1899465555)--Thread(Thread[Test worker,5,main])--The access type for the persistent class [class com.app.shared.aaaboundedcontext.authentication.SessionData] is set to [FIELD].
[EL Config]: metadata: 2016-03-31 14:17:21.852--ServerSession(1899465555)--Thread(Thread[Test worker,5,main])--The access type for the persistent class [class com.app.shared.organizationboundedcontext.location.Timezone] is set to [FIELD].
[EL Config]: metadata: 2016-03-31 14:17:21.853--ServerSession(1899465555)--Thread(Thread[Test worker,5,main])--The access type for the persistent class [class com.athena.shared.entity.report.ArtChartCategory] is set to [FIELD].
[EL Config]: metadata: 2016-03-31 14:17:21.854--ServerSession(1899465555)--Thread(Thread[Test worker,5,main])--The target entity (reference) class for the one to one mapping element [field chart_json_id] is being defaulted to: class com.athena.shared.entity.report.ArtChartJson.
[EL Config]: metadata: 2016-03-31 14:17:21.855--ServerSession(1899465555)--Thread(Thread[Test worker,5,main])--The access type for the persistent class [class com.athena.shared.entity.report.ArtChartJson] is set to [FIELD].
[EL Config]: metadata: 2016-03-31 14:17:21.855--ServerSession(1899465555)--Thread(Thread[Test worker,5,main])--The target entity (reference) class for the one to one mapping element [field data_field_id] is being defaulted to: class com.athena.shared.entity.report.ArtChartDataFieldJson.
[EL Config]: metadata: 2016-03-31 14:17:21.856--ServerSession(1899465555)--Thread(Thread[Test worker,5,main])--The access type for the persistent class [class com.app.shared.organizationboundedcontext.contacts.ContactType] is set to [FIELD].
[EL Config]: metadata: 2016-03-31 14:17:21.857--ServerSession(1899465555)--Thread(Thread[Test worker,5,main])--The access type for the persistent class [class com.spartan.sprinkler.entity.ArtLoggingProperties] is set to [FIELD].
[EL Config]: metadata: 2016-03-31 14:17:21.857--ServerSession(1899465555)--Thread(Thread[Test worker,5,main])--The target entity (reference) class for the many to one mapping element [field logConfig] is being defaulted to: class com.spartan.sprinkler.entity.ArtLogConfig.
[EL Config]: metadata: 2016-03-31 14:17:21.858--ServerSession(1899465555)--Thread(Thread[Test worker,5,main])--The access type for the persistent class [class com.spartan.healthmeter.entity.ZenHealthGauge] is set to [FIELD].
[EL Config]: metadata: 2016-03-31 14:17:21.859--ServerSession(1899465555)--Thread(Thread[Test worker,5,main])--The access type for the persistent class [class com.athena.shared.entity.report.ArtChartProperties] is set to [FIELD].
[EL Config]: metadata: 2016-03-31 14:17:21.86--ServerSession(1899465555)--Thread(Thread[Test worker,5,main])--The access type for the persistent class [class com.athena.shared.entity.query.ArtUserLastStatus] is set to [FIELD].
[EL Config]: metadata: 2016-03-31 14:17:21.862--ServerSession(1899465555)--Thread(Thread[Test worker,5,main])--The access type for the persistent class [class com.app.shared.organizationboundedcontext.location.Address] is set to [FIELD].
[EL Config]: metadata: 2016-03-31 14:17:21.863--ServerSession(1899465555)--Thread(Thread[Test worker,5,main])--The access type for the persistent class [class com.app.shared.aaaboundedcontext.authentication.Login] is set to [FIELD].
[EL Config]: metadata: 2016-03-31 14:17:21.864--ServerSession(1899465555)--Thread(Thread[Test worker,5,main])--The target entity (reference) class for the one to one mapping element [field coreContacts] is being defaulted to: class com.app.shared.organizationboundedcontext.contacts.CoreContacts.
[EL Config]: metadata: 2016-03-31 14:17:21.864--ServerSession(1899465555)--Thread(Thread[Test worker,5,main])--The target entity (reference) class for the one to one mapping element [field user] is being defaulted to: class com.app.shared.aaaboundedcontext.authentication.User.
[EL Config]: metadata: 2016-03-31 14:17:21.865--ServerSession(1899465555)--Thread(Thread[Test worker,5,main])--The access type for the persistent class [class com.app.shared.organizationboundedcontext.location.State] is set to [FIELD].
[EL Config]: metadata: 2016-03-31 14:17:21.866--ServerSession(1899465555)--Thread(Thread[Test worker,5,main])--The access type for the persistent class [class com.spartan.healthmeter.entity.HealthSchedulerConfiguration] is set to [FIELD].
[EL Config]: metadata: 2016-03-31 14:17:21.867--ServerSession(1899465555)--Thread(Thread[Test worker,5,main])--The access type for the persistent class [class com.spartan.healthmeter.entity.ZenSchedulerHealth] is set to [FIELD].
[EL Config]: metadata: 2016-03-31 14:17:21.87--ServerSession(1899465555)--Thread(Thread[Test worker,5,main])--The access type for the persistent class [class com.athena.shared.entity.report.ArtChartType] is set to [FIELD].
[EL Config]: metadata: 2016-03-31 14:17:21.871--ServerSession(1899465555)--Thread(Thread[Test worker,5,main])--The target entity (reference) class for the one to one mapping element [field chart_id] is being defaulted to: class com.athena.shared.entity.report.ArtChartCategory.
[EL Config]: metadata: 2016-03-31 14:17:21.871--ServerSession(1899465555)--Thread(Thread[Test worker,5,main])--The access type for the persistent class [class com.app.shared.organizationboundedcontext.location.City] is set to [FIELD].
[EL Config]: metadata: 2016-03-31 14:17:21.872--ServerSession(1899465555)--Thread(Thread[Test worker,5,main])--The access type for the persistent class [class com.app.shared.aaaboundedcontext.authentication.UserAccessLevel] is set to [FIELD].
[EL Config]: metadata: 2016-03-31 14:17:21.873--ServerSession(1899465555)--Thread(Thread[Test worker,5,main])--The access type for the persistent class [class com.spartan.shield.server.entity.AppSessionConfig] is set to [FIELD].
[EL Config]: metadata: 2016-03-31 14:17:21.874--ServerSession(1899465555)--Thread(Thread[Test worker,5,main])--The access type for the persistent class [class com.athena.shared.entity.report.ArtChartPropLanguage] is set to [FIELD].
[EL Config]: metadata: 2016-03-31 14:17:21.875--ServerSession(1899465555)--Thread(Thread[Test worker,5,main])--The target entity (reference) class for the one to one mapping element [field property_id] is being defaulted to: class com.athena.shared.entity.report.ArtChartProperties.
[EL Config]: metadata: 2016-03-31 14:17:21.875--ServerSession(1899465555)--Thread(Thread[Test worker,5,main])--The target entity (reference) class for the one to one mapping element [field lang_id] is being defaulted to: class com.athena.shared.entity.report.ArtLangMaster.
[EL Config]: metadata: 2016-03-31 14:17:21.876--ServerSession(1899465555)--Thread(Thread[Test worker,5,main])--The access type for the persistent class [class com.athena.shared.entity.report.ArtLangMaster] is set to [FIELD].
[EL Config]: metadata: 2016-03-31 14:17:21.877--ServerSession(1899465555)--Thread(Thread[Test worker,5,main])--The access type for the persistent class [class com.app.shared.aaaboundedcontext.authentication.UserData] is set to [FIELD].
[EL Config]: metadata: 2016-03-31 14:17:21.877--ServerSession(1899465555)--Thread(Thread[Test worker,5,main])--The target entity (reference) class for the one to one mapping element [field user] is being defaulted to: class com.app.shared.aaaboundedcontext.authentication.User.
[EL Config]: metadata: 2016-03-31 14:17:21.878--ServerSession(1899465555)--Thread(Thread[Test worker,5,main])--The access type for the persistent class [class com.app.shared.aaaboundedcontext.authentication.PassRecovery] is set to [FIELD].
[EL Config]: metadata: 2016-03-31 14:17:21.878--ServerSession(1899465555)--Thread(Thread[Test worker,5,main])--The target entity (reference) class for the one to one mapping element [field user] is being defaulted to: class com.app.shared.aaaboundedcontext.authentication.User.
[EL Config]: metadata: 2016-03-31 14:17:21.878--ServerSession(1899465555)--Thread(Thread[Test worker,5,main])--The access type for the persistent class [class com.spartan.sprinkler.entity.ArtLogConnector] is set to [FIELD].
[EL Config]: metadata: 2016-03-31 14:17:21.879--ServerSession(1899465555)--Thread(Thread[Test worker,5,main])--The target entity (reference) class for the one to many mapping element [field logConnectorAttributes] is being defaulted to: class com.spartan.sprinkler.entity.ArtLogConnectorAttributes.
[EL Config]: metadata: 2016-03-31 14:17:21.879--ServerSession(1899465555)--Thread(Thread[Test worker,5,main])--The target entity (reference) class for the many to one mapping element [field logConfig] is being defaulted to: class com.spartan.sprinkler.entity.ArtLogConfig.
[EL Config]: metadata: 2016-03-31 14:17:21.88--ServerSession(1899465555)--Thread(Thread[Test worker,5,main])--The access type for the persistent class [class com.app.shared.organizationboundedcontext.contacts.CommunicationType] is set to [FIELD].
[EL Config]: metadata: 2016-03-31 14:17:21.881--ServerSession(1899465555)--Thread(Thread[Test worker,5,main])--The access type for the persistent class [class com.app.shared.aaaboundedcontext.authentication.PasswordAlgo] is set to [FIELD].
[EL Config]: metadata: 2016-03-31 14:17:21.882--ServerSession(1899465555)--Thread(Thread[Test worker,5,main])--The access type for the persistent class [class com.app.shared.organizationboundedcontext.contacts.Title] is set to [FIELD].
[EL Config]: metadata: 2016-03-31 14:17:21.883--ServerSession(1899465555)--Thread(Thread[Test worker,5,main])--The access type for the persistent class [class com.app.shared.aaaboundedcontext.authentication.Question] is set to [FIELD].
[EL Config]: metadata: 2016-03-31 14:17:21.883--ServerSession(1899465555)--Thread(Thread[Test worker,5,main])--The access type for the persistent class [class com.app.shared.aaaboundedcontext.authentication.User] is set to [FIELD].
[EL Config]: metadata: 2016-03-31 14:17:21.884--ServerSession(1899465555)--Thread(Thread[Test worker,5,main])--The target entity (reference) class for the one to one mapping element [field userData] is being defaulted to: class com.app.shared.aaaboundedcontext.authentication.UserData.
[EL Config]: metadata: 2016-03-31 14:17:21.885--ServerSession(1899465555)--Thread(Thread[Test worker,5,main])--The target entity (reference) class for the one to many mapping element [field passRecovery] is being defaulted to: class com.app.shared.aaaboundedcontext.authentication.PassRecovery.
[EL Config]: metadata: 2016-03-31 14:17:21.886--ServerSession(1899465555)--Thread(Thread[Test worker,5,main])--The access type for the persistent class [class com.spartan.healthmeter.entity.ZenHealthStatus] is set to [FIELD].
[EL Config]: metadata: 2016-03-31 14:17:21.887--ServerSession(1899465555)--Thread(Thread[Test worker,5,main])--The access type for the persistent class [class com.app.shared.aaaboundedcontext.authentication.UserAccessDomain] is set to [FIELD].
[EL Config]: metadata: 2016-03-31 14:17:21.887--ServerSession(1899465555)--Thread(Thread[Test worker,5,main])--The access type for the persistent class [class com.app.shared.aaaboundedcontext.authorization.AppMenus] is set to [FIELD].
[EL Config]: metadata: 2016-03-31 14:17:21.889--ServerSession(1899465555)--Thread(Thread[Test worker,5,main])--The access type for the persistent class [class com.spartan.healthmeter.entity.ArtHealthSchedulerConfiguration] is set to [FIELD].
[EL Config]: metadata: 2016-03-31 14:17:21.89--ServerSession(1899465555)--Thread(Thread[Test worker,5,main])--The access type for the persistent class [class com.spartan.healthmeter.entity.ZenRequestDetails] is set to [FIELD].
[EL Config]: metadata: 2016-03-31 14:17:21.892--ServerSession(1899465555)--Thread(Thread[Test worker,5,main])--The access type for the persistent class [class com.athena.shared.entity.report.ArtReportBuilderDetails] is set to [FIELD].
[EL Config]: metadata: 2016-03-31 14:17:21.894--ServerSession(1899465555)--Thread(Thread[Test worker,5,main])--The access type for the persistent class [class com.app.shared.aaaboundedcontext.authorization.RoleMenuBridge] is set to [FIELD].
[EL Config]: metadata: 2016-03-31 14:17:21.894--ServerSession(1899465555)--Thread(Thread[Test worker,5,main])--The target entity (reference) class for the one to one mapping element [field roles] is being defaulted to: class com.app.shared.aaaboundedcontext.authorization.Roles.
[EL Config]: metadata: 2016-03-31 14:17:21.895--ServerSession(1899465555)--Thread(Thread[Test worker,5,main])--The access type for the persistent class [class com.app.shared.organizationboundedcontext.contacts.CommunicationGroup] is set to [FIELD].
[EL Config]: metadata: 2016-03-31 14:17:21.895--ServerSession(1899465555)--Thread(Thread[Test worker,5,main])--The access type for the persistent class [class com.app.shared.organizationboundedcontext.location.AddressType] is set to [FIELD].
[EL Config]: metadata: 2016-03-31 14:17:21.896--ServerSession(1899465555)--Thread(Thread[Test worker,5,main])--The access type for the persistent class [class com.spartan.healthmeter.entity.ZenHealthCounter] is set to [FIELD].
[EL Config]: metadata: 2016-03-31 14:17:21.897--ServerSession(1899465555)--Thread(Thread[Test worker,5,main])--The access type for the persistent class [class com.app.shared.organizationboundedcontext.contacts.Gender] is set to [FIELD].
[EL Config]: metadata: 2016-03-31 14:17:21.898--ServerSession(1899465555)--Thread(Thread[Test worker,5,main])--The access type for the persistent class [class com.app.shared.organizationboundedcontext.contacts.CoreContacts] is set to [FIELD].
[EL Config]: metadata: 2016-03-31 14:17:21.898--ServerSession(1899465555)--Thread(Thread[Test worker,5,main])--The target entity (reference) class for the one to one mapping element [field timezone] is being defaulted to: class com.app.shared.organizationboundedcontext.location.Timezone.
[EL Config]: metadata: 2016-03-31 14:17:21.9--ServerSession(1899465555)--Thread(Thread[Test worker,5,main])--The target entity (reference) class for the one to many mapping element [field address] is being defaulted to: class com.app.shared.organizationboundedcontext.location.Address.
[EL Config]: metadata: 2016-03-31 14:17:21.9--ServerSession(1899465555)--Thread(Thread[Test worker,5,main])--The target entity (reference) class for the one to many mapping element [field communicationData] is being defaulted to: class com.app.shared.organizationboundedcontext.contacts.CommunicationData.
[EL Config]: metadata: 2016-03-31 14:17:21.901--ServerSession(1899465555)--Thread(Thread[Test worker,5,main])--The access type for the persistent class [class com.spartan.healthmeter.entity.ZenHealth] is set to [FIELD].
[EL Config]: metadata: 2016-03-31 14:17:21.904--ServerSession(1899465555)--Thread(Thread[Test worker,5,main])--The access type for the persistent class [class com.athena.shared.entity.report.ArtChartDataFieldJson] is set to [FIELD].
[EL Config]: metadata: 2016-03-31 14:17:21.905--ServerSession(1899465555)--Thread(Thread[Test worker,5,main])--The access type for the persistent class [class com.athena.shared.entity.report.ArtReportUI] is set to [FIELD].
[EL Config]: metadata: 2016-03-31 14:17:21.906--ServerSession(1899465555)--Thread(Thread[Test worker,5,main])--The access type for the persistent class [class com.athena.server.bean.EntityBean] is set to [FIELD].
[EL Config]: metadata: 2016-03-31 14:17:21.906--ServerSession(1899465555)--Thread(Thread[Test worker,5,main])--The access type for the persistent class [class com.app.shared.appone.mapone.Nameone] is set to [FIELD].
[EL Config]: metadata: 2016-03-31 14:17:21.907--ServerSession(1899465555)--Thread(Thread[Test worker,5,main])--The access type for the persistent class [class com.spartan.sprinkler.entity.ArtLogSeverity] is set to [FIELD].
[EL Config]: metadata: 2016-03-31 14:17:21.907--ServerSession(1899465555)--Thread(Thread[Test worker,5,main])--The target entity (reference) class for the many to one mapping element [field logConfig] is being defaulted to: class com.spartan.sprinkler.entity.ArtLogConfig.
[EL Config]: metadata: 2016-03-31 14:17:21.908--ServerSession(1899465555)--Thread(Thread[Test worker,5,main])--The access type for the persistent class [class com.spartan.sprinkler.entity.ArtLogConnectorAttributes] is set to [FIELD].
[EL Config]: metadata: 2016-03-31 14:17:21.908--ServerSession(1899465555)--Thread(Thread[Test worker,5,main])--The target entity (reference) class for the many to one mapping element [field logConnector] is being defaulted to: class com.spartan.sprinkler.entity.ArtLogConnector.
[EL Config]: metadata: 2016-03-31 14:17:21.909--ServerSession(1899465555)--Thread(Thread[Test worker,5,main])--The access type for the persistent class [class com.app.shared.aaaboundedcontext.authorization.UserRoleBridge] is set to [FIELD].
[EL Config]: metadata: 2016-03-31 14:17:21.91--ServerSession(1899465555)--Thread(Thread[Test worker,5,main])--The access type for the persistent class [class com.spartan.healthmeter.shared.EntityAudit] is set to [FIELD].
[EL Config]: metadata: 2016-03-31 14:17:21.911--ServerSession(1899465555)--Thread(Thread[Test worker,5,main])--The access type for the persistent class [class com.app.shared.SystemInfo] is set to [FIELD].
[EL Config]: metadata: 2016-03-31 14:17:21.912--ServerSession(1899465555)--Thread(Thread[Test worker,5,main])--The access type for the persistent class [class com.spartan.healthmeter.shared.SystemInfo] is set to [FIELD].
[EL Config]: metadata: 2016-03-31 14:17:21.912--ServerSession(1899465555)--Thread(Thread[Test worker,5,main])--The access type for the persistent class [class com.app.shared.EntityAudit] is set to [FIELD].
[EL Config]: metadata: 2016-03-31 14:17:21.921--ServerSession(1899465555)--Thread(Thread[Test worker,5,main])--The alias name for the entity class [class com.athena.shared.entity.query.ArtQuery] is being defaulted to: ArtQuery.
[EL Config]: metadata: 2016-03-31 14:17:21.936--ServerSession(1899465555)--Thread(Thread[Test worker,5,main])--The alias name for the entity class [class com.app.shared.aaaboundedcontext.authentication.PasswordPolicy] is being defaulted to: PasswordPolicy.
[EL Config]: metadata: 2016-03-31 14:17:21.941--ServerSession(1899465555)--Thread(Thread[Test worker,5,main])--The alias name for the entity class [class com.app.shared.organizationboundedcontext.location.Language] is being defaulted to: Language.
[EL Config]: metadata: 2016-03-31 14:17:21.942--ServerSession(1899465555)--Thread(Thread[Test worker,5,main])--The alias name for the entity class [class com.app.shared.organizationboundedcontext.contacts.CommunicationData] is being defaulted to: CommunicationData.
[EL Config]: metadata: 2016-03-31 14:17:21.942--ServerSession(1899465555)--Thread(Thread[Test worker,5,main])--The alias name for the entity class [class com.app.shared.aaaboundedcontext.authorization.Roles] is being defaulted to: Roles.
[EL Config]: metadata: 2016-03-31 14:17:21.943--ServerSession(1899465555)--Thread(Thread[Test worker,5,main])--The alias name for the entity class [class com.app.shared.aaaboundedcontext.authentication.LoginSession] is being defaulted to: LoginSession.
[EL Config]: metadata: 2016-03-31 14:17:21.943--ServerSession(1899465555)--Thread(Thread[Test worker,5,main])--The alias name for the entity class [class com.athena.shared.entity.report.ArtChartTemplate] is being defaulted to: ArtChartTemplate.
[EL Config]: metadata: 2016-03-31 14:17:21.944--ServerSession(1899465555)--Thread(Thread[Test worker,5,main])--The alias name for the entity class [class com.app.shared.organizationboundedcontext.location.Country] is being defaulted to: Country.
[EL Config]: metadata: 2016-03-31 14:17:21.945--ServerSession(1899465555)--Thread(Thread[Test worker,5,main])--The alias name for the entity class [class com.spartan.sprinkler.entity.ArtLogConfig] is being defaulted to: ArtLogConfig.
[EL Config]: metadata: 2016-03-31 14:17:21.945--ServerSession(1899465555)--Thread(Thread[Test worker,5,main])--The alias name for the entity class [class com.spartan.healthmeter.entity.ArtHealthStatusConfiguration] is being defaulted to: ArtHealthStatusConfiguration.
[EL Config]: metadata: 2016-03-31 14:17:21.946--ServerSession(1899465555)--Thread(Thread[Test worker,5,main])--The alias name for the entity class [class com.spartan.sprinkler.entity.ArtLogModule] is being defaulted to: ArtLogModule.
[EL Config]: metadata: 2016-03-31 14:17:21.946--ServerSession(1899465555)--Thread(Thread[Test worker,5,main])--The alias name for the entity class [class com.spartan.sprinkler.entity.ArtAppAlarm] is being defaulted to: ArtAppAlarm.
[EL Config]: metadata: 2016-03-31 14:17:21.947--ServerSession(1899465555)--Thread(Thread[Test worker,5,main])--The alias name for the entity class [class com.app.shared.aaaboundedcontext.authentication.SessionData] is being defaulted to: SessionData.
[EL Config]: metadata: 2016-03-31 14:17:21.948--ServerSession(1899465555)--Thread(Thread[Test worker,5,main])--The alias name for the entity class [class com.app.shared.organizationboundedcontext.location.Timezone] is being defaulted to: Timezone.
[EL Config]: metadata: 2016-03-31 14:17:21.948--ServerSession(1899465555)--Thread(Thread[Test worker,5,main])--The alias name for the entity class [class com.athena.shared.entity.report.ArtChartCategory] is being defaulted to: ArtChartCategory.
[EL Config]: metadata: 2016-03-31 14:17:21.949--ServerSession(1899465555)--Thread(Thread[Test worker,5,main])--The alias name for the entity class [class com.athena.shared.entity.report.ArtChartJson] is being defaulted to: ArtChartJson.
[EL Config]: metadata: 2016-03-31 14:17:21.949--ServerSession(1899465555)--Thread(Thread[Test worker,5,main])--The alias name for the entity class [class com.app.shared.organizationboundedcontext.contacts.ContactType] is being defaulted to: ContactType.
[EL Config]: metadata: 2016-03-31 14:17:21.95--ServerSession(1899465555)--Thread(Thread[Test worker,5,main])--The alias name for the entity class [class com.spartan.sprinkler.entity.ArtLoggingProperties] is being defaulted to: ArtLoggingProperties.
[EL Config]: metadata: 2016-03-31 14:17:21.95--ServerSession(1899465555)--Thread(Thread[Test worker,5,main])--The alias name for the entity class [class com.spartan.healthmeter.entity.ZenHealthGauge] is being defaulted to: ZenHealthGauge.
[EL Config]: metadata: 2016-03-31 14:17:21.951--ServerSession(1899465555)--Thread(Thread[Test worker,5,main])--The alias name for the entity class [class com.athena.shared.entity.report.ArtChartProperties] is being defaulted to: ArtChartProperties.
[EL Config]: metadata: 2016-03-31 14:17:21.951--ServerSession(1899465555)--Thread(Thread[Test worker,5,main])--The alias name for the entity class [class com.athena.shared.entity.query.ArtUserLastStatus] is being defaulted to: ArtUserLastStatus.
[EL Config]: metadata: 2016-03-31 14:17:21.952--ServerSession(1899465555)--Thread(Thread[Test worker,5,main])--The alias name for the entity class [class com.app.shared.organizationboundedcontext.location.Address] is being defaulted to: Address.
[EL Config]: metadata: 2016-03-31 14:17:21.952--ServerSession(1899465555)--Thread(Thread[Test worker,5,main])--The alias name for the entity class [class com.app.shared.aaaboundedcontext.authentication.Login] is being defaulted to: Login.
[EL Config]: metadata: 2016-03-31 14:17:21.953--ServerSession(1899465555)--Thread(Thread[Test worker,5,main])--The alias name for the entity class [class com.app.shared.organizationboundedcontext.location.State] is being defaulted to: State.
[EL Config]: metadata: 2016-03-31 14:17:21.954--ServerSession(1899465555)--Thread(Thread[Test worker,5,main])--The alias name for the entity class [class com.spartan.healthmeter.entity.HealthSchedulerConfiguration] is being defaulted to: HealthSchedulerConfiguration.
[EL Config]: metadata: 2016-03-31 14:17:21.954--ServerSession(1899465555)--Thread(Thread[Test worker,5,main])--The alias name for the entity class [class com.spartan.healthmeter.entity.ZenSchedulerHealth] is being defaulted to: ZenSchedulerHealth.
[EL Config]: metadata: 2016-03-31 14:17:21.956--ServerSession(1899465555)--Thread(Thread[Test worker,5,main])--The alias name for the entity class [class com.athena.shared.entity.report.ArtChartType] is being defaulted to: ArtChartType.
[EL Config]: metadata: 2016-03-31 14:17:21.956--ServerSession(1899465555)--Thread(Thread[Test worker,5,main])--The alias name for the entity class [class com.app.shared.organizationboundedcontext.location.City] is being defaulted to: City.
[EL Config]: metadata: 2016-03-31 14:17:21.957--ServerSession(1899465555)--Thread(Thread[Test worker,5,main])--The alias name for the entity class [class com.app.shared.aaaboundedcontext.authentication.UserAccessLevel] is being defaulted to: UserAccessLevel.
[EL Config]: metadata: 2016-03-31 14:17:21.957--ServerSession(1899465555)--Thread(Thread[Test worker,5,main])--The alias name for the entity class [class com.spartan.shield.server.entity.AppSessionConfig] is being defaulted to: AppSessionConfig.
[EL Config]: metadata: 2016-03-31 14:17:21.957--ServerSession(1899465555)--Thread(Thread[Test worker,5,main])--The alias name for the entity class [class com.athena.shared.entity.report.ArtChartPropLanguage] is being defaulted to: ArtChartPropLanguage.
[EL Config]: metadata: 2016-03-31 14:17:21.958--ServerSession(1899465555)--Thread(Thread[Test worker,5,main])--The alias name for the entity class [class com.athena.shared.entity.report.ArtLangMaster] is being defaulted to: ArtLangMaster.
[EL Config]: metadata: 2016-03-31 14:17:21.959--ServerSession(1899465555)--Thread(Thread[Test worker,5,main])--The alias name for the entity class [class com.app.shared.aaaboundedcontext.authentication.UserData] is being defaulted to: UserData.
[EL Config]: metadata: 2016-03-31 14:17:21.959--ServerSession(1899465555)--Thread(Thread[Test worker,5,main])--The alias name for the entity class [class com.app.shared.aaaboundedcontext.authentication.PassRecovery] is being defaulted to: PassRecovery.
[EL Config]: metadata: 2016-03-31 14:17:21.959--ServerSession(1899465555)--Thread(Thread[Test worker,5,main])--The alias name for the entity class [class com.spartan.sprinkler.entity.ArtLogConnector] is being defaulted to: ArtLogConnector.
[EL Config]: metadata: 2016-03-31 14:17:21.96--ServerSession(1899465555)--Thread(Thread[Test worker,5,main])--The alias name for the entity class [class com.app.shared.organizationboundedcontext.contacts.CommunicationType] is being defaulted to: CommunicationType.
[EL Config]: metadata: 2016-03-31 14:17:21.961--ServerSession(1899465555)--Thread(Thread[Test worker,5,main])--The alias name for the entity class [class com.app.shared.aaaboundedcontext.authentication.PasswordAlgo] is being defaulted to: PasswordAlgo.
[EL Config]: metadata: 2016-03-31 14:17:21.961--ServerSession(1899465555)--Thread(Thread[Test worker,5,main])--The alias name for the entity class [class com.app.shared.organizationboundedcontext.contacts.Title] is being defaulted to: Title.
[EL Config]: metadata: 2016-03-31 14:17:21.961--ServerSession(1899465555)--Thread(Thread[Test worker,5,main])--The alias name for the entity class [class com.app.shared.aaaboundedcontext.authentication.Question] is being defaulted to: Question.
[EL Config]: metadata: 2016-03-31 14:17:21.962--ServerSession(1899465555)--Thread(Thread[Test worker,5,main])--The alias name for the entity class [class com.app.shared.aaaboundedcontext.authentication.User] is being defaulted to: User.
[EL Config]: metadata: 2016-03-31 14:17:21.962--ServerSession(1899465555)--Thread(Thread[Test worker,5,main])--The alias name for the entity class [class com.spartan.healthmeter.entity.ZenHealthStatus] is being defaulted to: ZenHealthStatus.
[EL Config]: metadata: 2016-03-31 14:17:21.963--ServerSession(1899465555)--Thread(Thread[Test worker,5,main])--The alias name for the entity class [class com.app.shared.aaaboundedcontext.authentication.UserAccessDomain] is being defaulted to: UserAccessDomain.
[EL Config]: metadata: 2016-03-31 14:17:21.963--ServerSession(1899465555)--Thread(Thread[Test worker,5,main])--The alias name for the entity class [class com.app.shared.aaaboundedcontext.authorization.AppMenus] is being defaulted to: AppMenus.
[EL Config]: metadata: 2016-03-31 14:17:21.964--ServerSession(1899465555)--Thread(Thread[Test worker,5,main])--The alias name for the entity class [class com.spartan.healthmeter.entity.ArtHealthSchedulerConfiguration] is being defaulted to: ArtHealthSchedulerConfiguration.
[EL Config]: metadata: 2016-03-31 14:17:21.965--ServerSession(1899465555)--Thread(Thread[Test worker,5,main])--The alias name for the entity class [class com.spartan.healthmeter.entity.ZenRequestDetails] is being defaulted to: ZenRequestDetails.
[EL Config]: metadata: 2016-03-31 14:17:21.966--ServerSession(1899465555)--Thread(Thread[Test worker,5,main])--The alias name for the entity class [class com.athena.shared.entity.report.ArtReportBuilderDetails] is being defaulted to: ArtReportBuilderDetails.
[EL Config]: metadata: 2016-03-31 14:17:21.967--ServerSession(1899465555)--Thread(Thread[Test worker,5,main])--The alias name for the entity class [class com.app.shared.aaaboundedcontext.authorization.RoleMenuBridge] is being defaulted to: RoleMenuBridge.
[EL Config]: metadata: 2016-03-31 14:17:21.968--ServerSession(1899465555)--Thread(Thread[Test worker,5,main])--The alias name for the entity class [class com.app.shared.organizationboundedcontext.contacts.CommunicationGroup] is being defaulted to: CommunicationGroup.
[EL Config]: metadata: 2016-03-31 14:17:21.968--ServerSession(1899465555)--Thread(Thread[Test worker,5,main])--The alias name for the entity class [class com.app.shared.organizationboundedcontext.location.AddressType] is being defaulted to: AddressType.
[EL Config]: metadata: 2016-03-31 14:17:21.969--ServerSession(1899465555)--Thread(Thread[Test worker,5,main])--The alias name for the entity class [class com.spartan.healthmeter.entity.ZenHealthCounter] is being defaulted to: ZenHealthCounter.
[EL Config]: metadata: 2016-03-31 14:17:21.97--ServerSession(1899465555)--Thread(Thread[Test worker,5,main])--The alias name for the entity class [class com.app.shared.organizationboundedcontext.contacts.Gender] is being defaulted to: Gender.
[EL Config]: metadata: 2016-03-31 14:17:21.97--ServerSession(1899465555)--Thread(Thread[Test worker,5,main])--The alias name for the entity class [class com.app.shared.organizationboundedcontext.contacts.CoreContacts] is being defaulted to: CoreContacts.
[EL Config]: metadata: 2016-03-31 14:17:21.971--ServerSession(1899465555)--Thread(Thread[Test worker,5,main])--The alias name for the entity class [class com.spartan.healthmeter.entity.ZenHealth] is being defaulted to: ZenHealth.
[EL Config]: metadata: 2016-03-31 14:17:21.973--ServerSession(1899465555)--Thread(Thread[Test worker,5,main])--The alias name for the entity class [class com.athena.shared.entity.report.ArtChartDataFieldJson] is being defaulted to: ArtChartDataFieldJson.
[EL Config]: metadata: 2016-03-31 14:17:21.974--ServerSession(1899465555)--Thread(Thread[Test worker,5,main])--The alias name for the entity class [class com.athena.shared.entity.report.ArtReportUI] is being defaulted to: ArtReportUI.
[EL Config]: metadata: 2016-03-31 14:17:21.975--ServerSession(1899465555)--Thread(Thread[Test worker,5,main])--The alias name for the entity class [class com.athena.server.bean.EntityBean] is being defaulted to: EntityBean.
[EL Config]: metadata: 2016-03-31 14:17:21.975--ServerSession(1899465555)--Thread(Thread[Test worker,5,main])--The table name for entity [class com.athena.server.bean.EntityBean] is being defaulted to: ENTITYBEAN.
[EL Config]: metadata: 2016-03-31 14:17:21.976--ServerSession(1899465555)--Thread(Thread[Test worker,5,main])--The column name for element [id] is being defaulted to: ID.
[EL Config]: metadata: 2016-03-31 14:17:21.976--ServerSession(1899465555)--Thread(Thread[Test worker,5,main])--The column name for element [name] is being defaulted to: NAME.
[EL Config]: metadata: 2016-03-31 14:17:21.976--ServerSession(1899465555)--Thread(Thread[Test worker,5,main])--The column name for element [fields] is being defaulted to: FIELDS.
[EL Config]: metadata: 2016-03-31 14:17:21.978--ServerSession(1899465555)--Thread(Thread[Test worker,5,main])--The alias name for the entity class [class com.app.shared.appone.mapone.Nameone] is being defaulted to: Nameone.
[EL Config]: metadata: 2016-03-31 14:17:21.979--ServerSession(1899465555)--Thread(Thread[Test worker,5,main])--The alias name for the entity class [class com.spartan.sprinkler.entity.ArtLogSeverity] is being defaulted to: ArtLogSeverity.
[EL Config]: metadata: 2016-03-31 14:17:21.979--ServerSession(1899465555)--Thread(Thread[Test worker,5,main])--The alias name for the entity class [class com.spartan.sprinkler.entity.ArtLogConnectorAttributes] is being defaulted to: ArtLogConnectorAttributes.
[EL Config]: metadata: 2016-03-31 14:17:21.98--ServerSession(1899465555)--Thread(Thread[Test worker,5,main])--The alias name for the entity class [class com.app.shared.aaaboundedcontext.authorization.UserRoleBridge] is being defaulted to: UserRoleBridge.
[EL Info]: 2016-03-31 14:17:22.611--ServerSession(1899465555)--Thread(Thread[Test worker,5,main])--EclipseLink, version: Eclipse Persistence Services - 2.5.1.v20130918-f2b9fc5
[EL Fine]: connection: 2016-03-31 14:17:22.798--Thread(Thread[Test worker,5,main])--Detected database platform: org.eclipse.persistence.platform.database.MySQLPlatform
[EL Config]: connection: 2016-03-31 14:17:22.813--ServerSession(1899465555)--Connection(672276747)--Thread(Thread[Test worker,5,main])--connecting(DatabaseLogin(
	platform=>MySQLPlatform
	user name=> "algo"
	datasource URL=> "jdbc:mysql://localhost-MYSQL:3306/shopping"
))
[EL Config]: connection: 2016-03-31 14:17:22.822--ServerSession(1899465555)--Connection(591910535)--Thread(Thread[Test worker,5,main])--Connected: jdbc:mysql://localhost-MYSQL:3306/shopping
	User: algo@CL-GRADLE-SHOPPING-FB51D5CC-C671-401E-9AF2-562BB7426C62
	Database: MySQL  Version: 5.7.7-rc
	Driver: MySQL Connector Java  Version: mysql-connector-java-5.1.31 ( Revision: alexander.soklakov@oracle.com-20140520065950-groqzzbvxprqdmnz )
[EL Config]: connection: 2016-03-31 14:17:22.822--ServerSession(1899465555)--Connection(1096108841)--Thread(Thread[Test worker,5,main])--connecting(DatabaseLogin(
	platform=>MySQLPlatform
	user name=> "algo"
	datasource URL=> "jdbc:mysql://localhost-MYSQL:3306/shopping"
))
[EL Config]: connection: 2016-03-31 14:17:22.828--ServerSession(1899465555)--Connection(263334417)--Thread(Thread[Test worker,5,main])--Connected: jdbc:mysql://localhost-MYSQL:3306/shopping
	User: algo@CL-GRADLE-SHOPPING-FB51D5CC-C671-401E-9AF2-562BB7426C62
	Database: MySQL  Version: 5.7.7-rc
	Driver: MySQL Connector Java  Version: mysql-connector-java-5.1.31 ( Revision: alexander.soklakov@oracle.com-20140520065950-groqzzbvxprqdmnz )
[EL Config]: connection: 2016-03-31 14:17:22.828--ServerSession(1899465555)--Connection(2045233699)--Thread(Thread[Test worker,5,main])--connecting(DatabaseLogin(
	platform=>MySQLPlatform
	user name=> "algo"
	datasource URL=> "jdbc:mysql://localhost-MYSQL:3306/shopping"
))
[EL Config]: connection: 2016-03-31 14:17:22.834--ServerSession(1899465555)--Connection(1457072041)--Thread(Thread[Test worker,5,main])--Connected: jdbc:mysql://localhost-MYSQL:3306/shopping
	User: algo@CL-GRADLE-SHOPPING-FB51D5CC-C671-401E-9AF2-562BB7426C62
	Database: MySQL  Version: 5.7.7-rc
	Driver: MySQL Connector Java  Version: mysql-connector-java-5.1.31 ( Revision: alexander.soklakov@oracle.com-20140520065950-groqzzbvxprqdmnz )
[EL Config]: connection: 2016-03-31 14:17:22.834--ServerSession(1899465555)--Connection(1253766346)--Thread(Thread[Test worker,5,main])--connecting(DatabaseLogin(
	platform=>MySQLPlatform
	user name=> "algo"
	datasource URL=> "jdbc:mysql://localhost-MYSQL:3306/shopping"
))
[EL Config]: connection: 2016-03-31 14:17:22.839--ServerSession(1899465555)--Connection(1224513692)--Thread(Thread[Test worker,5,main])--Connected: jdbc:mysql://localhost-MYSQL:3306/shopping
	User: algo@CL-GRADLE-SHOPPING-FB51D5CC-C671-401E-9AF2-562BB7426C62
	Database: MySQL  Version: 5.7.7-rc
	Driver: MySQL Connector Java  Version: mysql-connector-java-5.1.31 ( Revision: alexander.soklakov@oracle.com-20140520065950-groqzzbvxprqdmnz )
[EL Config]: connection: 2016-03-31 14:17:22.839--ServerSession(1899465555)--Connection(1065832243)--Thread(Thread[Test worker,5,main])--connecting(DatabaseLogin(
	platform=>MySQLPlatform
	user name=> "algo"
	datasource URL=> "jdbc:mysql://localhost-MYSQL:3306/shopping"
))
[EL Config]: connection: 2016-03-31 14:17:22.845--ServerSession(1899465555)--Connection(1762997996)--Thread(Thread[Test worker,5,main])--Connected: jdbc:mysql://localhost-MYSQL:3306/shopping
	User: algo@CL-GRADLE-SHOPPING-FB51D5CC-C671-401E-9AF2-562BB7426C62
	Database: MySQL  Version: 5.7.7-rc
	Driver: MySQL Connector Java  Version: mysql-connector-java-5.1.31 ( Revision: alexander.soklakov@oracle.com-20140520065950-groqzzbvxprqdmnz )
[EL Config]: connection: 2016-03-31 14:17:22.845--ServerSession(1899465555)--Connection(1875441113)--Thread(Thread[Test worker,5,main])--connecting(DatabaseLogin(
	platform=>MySQLPlatform
	user name=> "algo"
	datasource URL=> "jdbc:mysql://localhost-MYSQL:3306/shopping"
))
[EL Config]: connection: 2016-03-31 14:17:22.85--ServerSession(1899465555)--Connection(846009143)--Thread(Thread[Test worker,5,main])--Connected: jdbc:mysql://localhost-MYSQL:3306/shopping
	User: algo@CL-GRADLE-SHOPPING-FB51D5CC-C671-401E-9AF2-562BB7426C62
	Database: MySQL  Version: 5.7.7-rc
	Driver: MySQL Connector Java  Version: mysql-connector-java-5.1.31 ( Revision: alexander.soklakov@oracle.com-20140520065950-groqzzbvxprqdmnz )
[EL Config]: connection: 2016-03-31 14:17:22.851--ServerSession(1899465555)--Connection(386439614)--Thread(Thread[Test worker,5,main])--connecting(DatabaseLogin(
	platform=>MySQLPlatform
	user name=> "algo"
	datasource URL=> "jdbc:mysql://localhost-MYSQL:3306/shopping"
))
[EL Config]: connection: 2016-03-31 14:17:22.856--ServerSession(1899465555)--Connection(710181775)--Thread(Thread[Test worker,5,main])--Connected: jdbc:mysql://localhost-MYSQL:3306/shopping
	User: algo@CL-GRADLE-SHOPPING-FB51D5CC-C671-401E-9AF2-562BB7426C62
	Database: MySQL  Version: 5.7.7-rc
	Driver: MySQL Connector Java  Version: mysql-connector-java-5.1.31 ( Revision: alexander.soklakov@oracle.com-20140520065950-groqzzbvxprqdmnz )
[EL Config]: connection: 2016-03-31 14:17:22.856--ServerSession(1899465555)--Connection(310982399)--Thread(Thread[Test worker,5,main])--connecting(DatabaseLogin(
	platform=>MySQLPlatform
	user name=> "algo"
	datasource URL=> "jdbc:mysql://localhost-MYSQL:3306/shopping"
))
[EL Config]: connection: 2016-03-31 14:17:22.861--ServerSession(1899465555)--Connection(1286426319)--Thread(Thread[Test worker,5,main])--Connected: jdbc:mysql://localhost-MYSQL:3306/shopping
	User: algo@CL-GRADLE-SHOPPING-FB51D5CC-C671-401E-9AF2-562BB7426C62
	Database: MySQL  Version: 5.7.7-rc
	Driver: MySQL Connector Java  Version: mysql-connector-java-5.1.31 ( Revision: alexander.soklakov@oracle.com-20140520065950-groqzzbvxprqdmnz )
[EL Config]: connection: 2016-03-31 14:17:22.862--ServerSession(1899465555)--Connection(101785437)--Thread(Thread[Test worker,5,main])--connecting(DatabaseLogin(
	platform=>MySQLPlatform
	user name=> "algo"
	datasource URL=> "jdbc:mysql://localhost-MYSQL:3306/shopping"
))
[EL Config]: connection: 2016-03-31 14:17:22.867--ServerSession(1899465555)--Connection(170253348)--Thread(Thread[Test worker,5,main])--Connected: jdbc:mysql://localhost-MYSQL:3306/shopping
	User: algo@CL-GRADLE-SHOPPING-FB51D5CC-C671-401E-9AF2-562BB7426C62
	Database: MySQL  Version: 5.7.7-rc
	Driver: MySQL Connector Java  Version: mysql-connector-java-5.1.31 ( Revision: alexander.soklakov@oracle.com-20140520065950-groqzzbvxprqdmnz )
[EL Config]: connection: 2016-03-31 14:17:22.867--ServerSession(1899465555)--Connection(999802032)--Thread(Thread[Test worker,5,main])--connecting(DatabaseLogin(
	platform=>MySQLPlatform
	user name=> "algo"
	datasource URL=> "jdbc:mysql://localhost-MYSQL:3306/shopping"
))
[EL Config]: connection: 2016-03-31 14:17:22.874--ServerSession(1899465555)--Connection(1176205158)--Thread(Thread[Test worker,5,main])--Connected: jdbc:mysql://localhost-MYSQL:3306/shopping
	User: algo@CL-GRADLE-SHOPPING-FB51D5CC-C671-401E-9AF2-562BB7426C62
	Database: MySQL  Version: 5.7.7-rc
	Driver: MySQL Connector Java  Version: mysql-connector-java-5.1.31 ( Revision: alexander.soklakov@oracle.com-20140520065950-groqzzbvxprqdmnz )
[EL Config]: connection: 2016-03-31 14:17:22.874--ServerSession(1899465555)--Connection(893119871)--Thread(Thread[Test worker,5,main])--connecting(DatabaseLogin(
	platform=>MySQLPlatform
	user name=> "algo"
	datasource URL=> "jdbc:mysql://localhost-MYSQL:3306/shopping"
))
[EL Config]: connection: 2016-03-31 14:17:22.88--ServerSession(1899465555)--Connection(752871148)--Thread(Thread[Test worker,5,main])--Connected: jdbc:mysql://localhost-MYSQL:3306/shopping
	User: algo@CL-GRADLE-SHOPPING-FB51D5CC-C671-401E-9AF2-562BB7426C62
	Database: MySQL  Version: 5.7.7-rc
	Driver: MySQL Connector Java  Version: mysql-connector-java-5.1.31 ( Revision: alexander.soklakov@oracle.com-20140520065950-groqzzbvxprqdmnz )
[EL Config]: connection: 2016-03-31 14:17:22.88--ServerSession(1899465555)--Connection(531736312)--Thread(Thread[Test worker,5,main])--connecting(DatabaseLogin(
	platform=>MySQLPlatform
	user name=> "algo"
	datasource URL=> "jdbc:mysql://localhost-MYSQL:3306/shopping"
))
[EL Config]: connection: 2016-03-31 14:17:22.887--ServerSession(1899465555)--Connection(2095890965)--Thread(Thread[Test worker,5,main])--Connected: jdbc:mysql://localhost-MYSQL:3306/shopping
	User: algo@CL-GRADLE-SHOPPING-FB51D5CC-C671-401E-9AF2-562BB7426C62
	Database: MySQL  Version: 5.7.7-rc
	Driver: MySQL Connector Java  Version: mysql-connector-java-5.1.31 ( Revision: alexander.soklakov@oracle.com-20140520065950-groqzzbvxprqdmnz )
[EL Config]: connection: 2016-03-31 14:17:22.887--ServerSession(1899465555)--Connection(465187014)--Thread(Thread[Test worker,5,main])--connecting(DatabaseLogin(
	platform=>MySQLPlatform
	user name=> "algo"
	datasource URL=> "jdbc:mysql://localhost-MYSQL:3306/shopping"
))
[EL Config]: connection: 2016-03-31 14:17:22.893--ServerSession(1899465555)--Connection(706084220)--Thread(Thread[Test worker,5,main])--Connected: jdbc:mysql://localhost-MYSQL:3306/shopping
	User: algo@CL-GRADLE-SHOPPING-FB51D5CC-C671-401E-9AF2-562BB7426C62
	Database: MySQL  Version: 5.7.7-rc
	Driver: MySQL Connector Java  Version: mysql-connector-java-5.1.31 ( Revision: alexander.soklakov@oracle.com-20140520065950-groqzzbvxprqdmnz )
[EL Config]: connection: 2016-03-31 14:17:22.894--ServerSession(1899465555)--Connection(162852218)--Thread(Thread[Test worker,5,main])--connecting(DatabaseLogin(
	platform=>MySQLPlatform
	user name=> "algo"
	datasource URL=> "jdbc:mysql://localhost-MYSQL:3306/shopping"
))
[EL Config]: connection: 2016-03-31 14:17:22.899--ServerSession(1899465555)--Connection(623423818)--Thread(Thread[Test worker,5,main])--Connected: jdbc:mysql://localhost-MYSQL:3306/shopping
	User: algo@CL-GRADLE-SHOPPING-FB51D5CC-C671-401E-9AF2-562BB7426C62
	Database: MySQL  Version: 5.7.7-rc
	Driver: MySQL Connector Java  Version: mysql-connector-java-5.1.31 ( Revision: alexander.soklakov@oracle.com-20140520065950-groqzzbvxprqdmnz )
[EL Config]: connection: 2016-03-31 14:17:22.9--ServerSession(1899465555)--Connection(311395413)--Thread(Thread[Test worker,5,main])--connecting(DatabaseLogin(
	platform=>MySQLPlatform
	user name=> "algo"
	datasource URL=> "jdbc:mysql://localhost-MYSQL:3306/shopping"
))
[EL Config]: connection: 2016-03-31 14:17:22.905--ServerSession(1899465555)--Connection(1814424951)--Thread(Thread[Test worker,5,main])--Connected: jdbc:mysql://localhost-MYSQL:3306/shopping
	User: algo@CL-GRADLE-SHOPPING-FB51D5CC-C671-401E-9AF2-562BB7426C62
	Database: MySQL  Version: 5.7.7-rc
	Driver: MySQL Connector Java  Version: mysql-connector-java-5.1.31 ( Revision: alexander.soklakov@oracle.com-20140520065950-groqzzbvxprqdmnz )
[EL Config]: connection: 2016-03-31 14:17:22.906--ServerSession(1899465555)--Connection(1814424951)--Thread(Thread[Test worker,5,main])--disconnect
[EL Warning]: metadata: 2016-03-31 14:17:22.914--ServerSession(1899465555)--Thread(Thread[Test worker,5,main])--Reverting the lazy setting on the OneToOne or ManyToOne attribute [user] for the entity class [class com.app.shared.aaaboundedcontext.authentication.PassRecovery] since weaving was not enabled or did not occur.
[EL Warning]: metadata: 2016-03-31 14:17:22.915--ServerSession(1899465555)--Thread(Thread[Test worker,5,main])--Reverting the lazy setting on the OneToOne or ManyToOne attribute [user] for the entity class [class com.app.shared.aaaboundedcontext.authentication.UserData] since weaving was not enabled or did not occur.
[EL Warning]: metadata: 2016-03-31 14:17:22.921--ServerSession(1899465555)--Thread(Thread[Test worker,5,main])--Reverting the lazy setting on the OneToOne or ManyToOne attribute [coreContacts] for the entity class [class com.app.shared.aaaboundedcontext.authentication.Login] since weaving was not enabled or did not occur.
[EL Warning]: metadata: 2016-03-31 14:17:22.921--ServerSession(1899465555)--Thread(Thread[Test worker,5,main])--Reverting the lazy setting on the OneToOne or ManyToOne attribute [user] for the entity class [class com.app.shared.aaaboundedcontext.authentication.Login] since weaving was not enabled or did not occur.
[EL Warning]: metadata: 2016-03-31 14:17:22.924--ServerSession(1899465555)--Thread(Thread[Test worker,5,main])--Reverting the lazy setting on the OneToOne or ManyToOne attribute [userData] for the entity class [class com.app.shared.aaaboundedcontext.authentication.User] since weaving was not enabled or did not occur.
[EL Warning]: metadata: 2016-03-31 14:17:22.925--ServerSession(1899465555)--Thread(Thread[Test worker,5,main])--Reverting the lazy setting on the OneToOne or ManyToOne attribute [timezone] for the entity class [class com.app.shared.organizationboundedcontext.contacts.CoreContacts] since weaving was not enabled or did not occur.
[EL Info]: connection: 2016-03-31 14:17:23.158--ServerSession(1899465555)--Thread(Thread[Test worker,5,main])--file:/home/applifire/workspace/shopping/build/resources/main_shopping login successful
[EL Fine]: sql: 2016-03-31 14:17:30.093--ClientSession(1045565207)--Connection(623423818)--Thread(Thread[Test worker,5,main])--SELECT query_id, active_status, app_creator_id, created_by, created_date, hidden_name, jpql_query, name, project_id, project_version_id, query_json, query_type, sql_query, updated_by, updated_date, user_access, version_id FROM art_query WHERE ((active_status = ?) AND (sql_query IS NULL))
	bind => [true]
[EL Config]: connection: 2016-03-31 14:17:30.112--ServerSession(1899465555)--Connection(623423818)--Thread(Thread[Test worker,5,main])--disconnect
[EL Fine]: sql: 2016-03-31 14:17:30.119--ClientSession(1063594399)--Connection(706084220)--Thread(Thread[Test worker,5,main])--SELECT query_id, active_status, app_creator_id, created_by, created_date, hidden_name, jpql_query, name, project_id, project_version_id, query_json, query_type, sql_query, updated_by, updated_date, user_access, version_id FROM art_query WHERE (query_id = ?)
	bind => [03651F64-27AD-4711-B5C1-735D99D66A78]
[EL Fine]: sql: 2016-03-31 14:17:30.123--ClientSession(1063594399)--Connection(706084220)--Thread(Thread[Test worker,5,main])--UPDATE art_query SET sql_query = ? WHERE (query_id = ?)
	bind => [SELECT dataId, appSessionId, booleanValue, customerId, dataType, dateTimeValue, jsonValue, numberValue, sessionKey, stringValue, userId, versionId, createdBy, createdDate, updatedBy, updatedDate, activeStatus, txnAccessCode FROM ast_SessionData_T WHERE ((activeStatus = ?) AND (appSessionId = ?)), 03651F64-27AD-4711-B5C1-735D99D66A78]
[EL Config]: connection: 2016-03-31 14:17:30.128--ServerSession(1899465555)--Connection(706084220)--Thread(Thread[Test worker,5,main])--disconnect
[EL Fine]: sql: 2016-03-31 14:17:30.147--ClientSession(1385140786)--Connection(2095890965)--Thread(Thread[Test worker,5,main])--SELECT query_id, active_status, app_creator_id, created_by, created_date, hidden_name, jpql_query, name, project_id, project_version_id, query_json, query_type, sql_query, updated_by, updated_date, user_access, version_id FROM art_query WHERE (query_id = ?)
	bind => [1C043462-52FD-4D26-AAB2-53C78C6FC10A]
[EL Fine]: sql: 2016-03-31 14:17:30.149--ClientSession(1385140786)--Connection(2095890965)--Thread(Thread[Test worker,5,main])--UPDATE art_query SET sql_query = ? WHERE (query_id = ?)
	bind => [SELECT monitorId, scheduledDateTime, serverInstanceId, serverIpAddress, totalClass, classLoaded, classUnloaded, gcCollectionTime, gcMemoryName, ((nonHeapCommitted / ?) / ?), ((nonHeapUsed / ?) / ?), ((heapCommitted / ?) / ?), ((maxMemory / ?) / ?), (? - ((usedMemory / totalMemory) * ?)), ((heapUsed / ?) / ?), ((totalMemory / ?) / ?), startTime, upTime, cpuTime, ((freePhysicalSize / ?) / ?), ((totalPhysicalMemorySize / ?) / ?), cpuLoadTime, ROUND(((freeSwapSize / ?) / ?)), systemLoadAverage, ROUND(((totalSwapSize / ?) / ?)), availableProcessor, totalThread, threadPeakCount, threadStartedCount, threadDaemonCount, threadCpuTime, threadUserTime, cpuLoad, ((usedMemory / totalMemory) * ?), ((usedSwapSize / ?) / ?), ((usedPhysicalMemory / ?) / ?) FROM zen_health ORDER BY scheduledDateTime DESC, 1C043462-52FD-4D26-AAB2-53C78C6FC10A]
[EL Config]: connection: 2016-03-31 14:17:30.44--ServerSession(1899465555)--Connection(2095890965)--Thread(Thread[Test worker,5,main])--disconnect
[EL Fine]: sql: 2016-03-31 14:17:30.451--ClientSession(283657262)--Connection(752871148)--Thread(Thread[Test worker,5,main])--SELECT query_id, active_status, app_creator_id, created_by, created_date, hidden_name, jpql_query, name, project_id, project_version_id, query_json, query_type, sql_query, updated_by, updated_date, user_access, version_id FROM art_query WHERE (query_id = ?)
	bind => [46278395-A0CD-43C4-AE78-6B9EBBC6BF62]
[EL Fine]: sql: 2016-03-31 14:17:30.453--ClientSession(283657262)--Connection(752871148)--Thread(Thread[Test worker,5,main])--UPDATE art_query SET sql_query = ? WHERE (query_id = ?)
	bind => [SELECT CONCAT(CONCAT(CONCAT(CONCAT(CONCAT(CONCAT(t0.firstName, ?), t2.ipAddress), ?), t2.requestId), ?), t2.appSessionId), t2.requestId, t2.className, t2.requestTime, t2.requestMethod, t2.httpStatus, t2.returnStatus, t2.executionTime, t2.methodName, t2.startTime, t2.endTime, t2.typeofClass, t2.callSeqId, t2.exceptionId, t2.userId, t2.appSessionId FROM ast_User_T t3, zen_request_details t2, ast_Login_T t1, ast_CoreContacts_T t0 WHERE ((((t3.userId = t2.userId) AND (t2.requestTime >= ?)) AND (t2.requestTime <= ?)) AND ((t3.userId = t1.userId) AND (t0.contactId = t1.contactId))) ORDER BY t2.requestTime DESC, t2.requestId, t2.callSeqId ASC, 46278395-A0CD-43C4-AE78-6B9EBBC6BF62]
[EL Config]: connection: 2016-03-31 14:17:30.457--ServerSession(1899465555)--Connection(752871148)--Thread(Thread[Test worker,5,main])--disconnect
[EL Fine]: sql: 2016-03-31 14:17:30.461--ClientSession(940819970)--Connection(1176205158)--Thread(Thread[Test worker,5,main])--SELECT query_id, active_status, app_creator_id, created_by, created_date, hidden_name, jpql_query, name, project_id, project_version_id, query_json, query_type, sql_query, updated_by, updated_date, user_access, version_id FROM art_query WHERE (query_id = ?)
	bind => [96F2FA94-A4C2-499B-A766-BAA12C62FEE9]
[EL Fine]: sql: 2016-03-31 14:17:30.463--ClientSession(940819970)--Connection(1176205158)--Thread(Thread[Test worker,5,main])--UPDATE art_query SET sql_query = ? WHERE (query_id = ?)
	bind => [SELECT t0.loginPk, t0.failedLoginAttempts, t0.loginId, t0.serverAuthImage, t0.serverAuthText, t0.versionId, t0.createdBy, t0.createdDate, t0.updatedBy, t0.updatedDate, t0.activeStatus, t0.txnAccessCode, t0.contactId, t0.userId FROM ast_Login_T t0, ast_User_T t1 WHERE (((t0.activeStatus = ?) AND t1.userId IN (SELECT t2.userId FROM ast_UserRoleBridge_T t2)) AND (t1.userId = t0.userId)), 96F2FA94-A4C2-499B-A766-BAA12C62FEE9]
[EL Config]: connection: 2016-03-31 14:17:30.466--ServerSession(1899465555)--Connection(1176205158)--Thread(Thread[Test worker,5,main])--disconnect
[EL Fine]: sql: 2016-03-31 14:17:30.469--ClientSession(1057506014)--Connection(170253348)--Thread(Thread[Test worker,5,main])--SELECT query_id, active_status, app_creator_id, created_by, created_date, hidden_name, jpql_query, name, project_id, project_version_id, query_json, query_type, sql_query, updated_by, updated_date, user_access, version_id FROM art_query WHERE (query_id = ?)
	bind => [9DB213D4-D24B-4C50-8DF0-A3B27443336E]
[EL Fine]: sql: 2016-03-31 14:17:30.471--ClientSession(1057506014)--Connection(170253348)--Thread(Thread[Test worker,5,main])--UPDATE art_query SET sql_query = ? WHERE (query_id = ?)
	bind => [SELECT dataId, appSessionId, booleanValue, customerId, dataType, dateTimeValue, jsonValue, numberValue, sessionKey, stringValue, userId, versionId, createdBy, createdDate, updatedBy, updatedDate, activeStatus, txnAccessCode FROM ast_SessionData_T WHERE (((activeStatus = ?) AND (appSessionId = ?)) AND (sessionKey = ?)), 9DB213D4-D24B-4C50-8DF0-A3B27443336E]
[EL Config]: connection: 2016-03-31 14:17:30.474--ServerSession(1899465555)--Connection(170253348)--Thread(Thread[Test worker,5,main])--disconnect
[EL Fine]: sql: 2016-03-31 14:17:30.479--ClientSession(285985666)--Connection(1286426319)--Thread(Thread[Test worker,5,main])--SELECT query_id, active_status, app_creator_id, created_by, created_date, hidden_name, jpql_query, name, project_id, project_version_id, query_json, query_type, sql_query, updated_by, updated_date, user_access, version_id FROM art_query WHERE (query_id = ?)
	bind => [9F95293A-2551-4450-958B-C70300010260]
[EL Fine]: sql: 2016-03-31 14:17:30.48--ClientSession(285985666)--Connection(1286426319)--Thread(Thread[Test worker,5,main])--UPDATE art_query SET sql_query = ? WHERE (query_id = ?)
	bind => [SELECT healthId, scheduledDateTime, serverInstanceId, serverIpAddress, ROUND((? - ((usedSpace / totalSpace) * ?))), ROUND(((usedSpace / totalSpace) * ?)), ROUND(((totalSpace / ?) / ?)), status FROM zen_health_status ORDER BY scheduledDateTime DESC, 9F95293A-2551-4450-958B-C70300010260]
[EL Config]: connection: 2016-03-31 14:17:30.484--ServerSession(1899465555)--Connection(1286426319)--Thread(Thread[Test worker,5,main])--disconnect
[EL Fine]: sql: 2016-03-31 14:17:30.486--ClientSession(311764137)--Connection(710181775)--Thread(Thread[Test worker,5,main])--SELECT query_id, active_status, app_creator_id, created_by, created_date, hidden_name, jpql_query, name, project_id, project_version_id, query_json, query_type, sql_query, updated_by, updated_date, user_access, version_id FROM art_query WHERE (query_id = ?)
	bind => [E1E28397-D6C7-4FDC-B789-52434DC86F17]
[EL Fine]: sql: 2016-03-31 14:17:30.488--ClientSession(311764137)--Connection(710181775)--Thread(Thread[Test worker,5,main])--UPDATE art_query SET sql_query = ? WHERE (query_id = ?)
	bind => [DELETE FROM ast_SessionData_T WHERE ((activeStatus = ?) AND (appSessionId = ?)), E1E28397-D6C7-4FDC-B789-52434DC86F17]
[EL Config]: connection: 2016-03-31 14:17:30.491--ServerSession(1899465555)--Connection(710181775)--Thread(Thread[Test worker,5,main])--disconnect
[EL Fine]: sql: 2016-03-31 14:17:30.493--ClientSession(1152000873)--Connection(846009143)--Thread(Thread[Test worker,5,main])--SELECT query_id, active_status, app_creator_id, created_by, created_date, hidden_name, jpql_query, name, project_id, project_version_id, query_json, query_type, sql_query, updated_by, updated_date, user_access, version_id FROM art_query WHERE (query_id = ?)
	bind => [E9DF67AE-DE6B-47D2-8EEA-308A817259FE]
[EL Fine]: sql: 2016-03-31 14:17:30.495--ClientSession(1152000873)--Connection(846009143)--Thread(Thread[Test worker,5,main])--UPDATE art_query SET sql_query = ? WHERE (query_id = ?)
	bind => [SELECT t0.loginPk, t0.failedLoginAttempts, t0.loginId, t0.serverAuthImage, t0.serverAuthText, t0.versionId, t0.createdBy, t0.createdDate, t0.updatedBy, t0.updatedDate, t0.activeStatus, t0.txnAccessCode, t0.contactId, t0.userId FROM ast_Login_T t0, ast_User_T t1 WHERE (((t0.activeStatus = ?) AND t1.userId NOT IN (SELECT t2.userId FROM ast_UserRoleBridge_T t2)) AND (t1.userId = t0.userId)), E9DF67AE-DE6B-47D2-8EEA-308A817259FE]
Setting logged in user info for ADD
[EL Fine]: sql: 2016-03-31 14:17:36.431--ClientSession(618927785)--Connection(846009143)--Thread(Thread[Test worker,5,main])--INSERT INTO ast_Nameone_M (namecase, versionId, createdBy, createdDate, updatedBy, updatedDate, activeStatus, txnAccessCode) VALUES (?, ?, ?, ?, ?, ?, ?, ?)
	bind => [F7A99035-37F6-4874-AB4E-A4E3C876EABE, 1, AAAAA, 2016-03-31 14:17:36.41, null, 2016-03-31 14:17:36.41, 1, 51000]
[EL Fine]: sql: 2016-03-31 14:17:36.444--ClientSession(297400544)--Connection(846009143)--Thread(Thread[Test worker,5,main])--SELECT namecase, versionId, createdBy, createdDate, updatedBy, updatedDate, activeStatus, txnAccessCode FROM ast_Nameone_M WHERE ((activeStatus = ?) AND (namecase = ?))
	bind => [1, F7A99035-37F6-4874-AB4E-A4E3C876EABE]
Setting logged in user info for UPDATE
[EL Fine]: sql: 2016-03-31 14:17:36.45--ClientSession(1185492669)--Connection(846009143)--Thread(Thread[Test worker,5,main])--SELECT namecase, versionId, createdBy, createdDate, updatedBy, updatedDate, activeStatus, txnAccessCode FROM ast_Nameone_M WHERE (namecase = ?)
	bind => [F7A99035-37F6-4874-AB4E-A4E3C876EABE]
[EL Fine]: sql: 2016-03-31 14:17:36.453--ClientSession(1185492669)--Connection(846009143)--Thread(Thread[Test worker,5,main])--UPDATE ast_Nameone_M SET updatedBy = ?, versionId = ? WHERE ((namecase = ?) AND (versionId = ?))
	bind => [AAAAA, 2, F7A99035-37F6-4874-AB4E-A4E3C876EABE, 1]
[EL Fine]: sql: 2016-03-31 14:17:36.461--ClientSession(682711180)--Connection(846009143)--Thread(Thread[Test worker,5,main])--SELECT namecase, versionId, createdBy, createdDate, updatedBy, updatedDate, activeStatus, txnAccessCode FROM ast_Nameone_M WHERE ((activeStatus = ?) AND (namecase = ?))
	bind => [1, F7A99035-37F6-4874-AB4E-A4E3C876EABE]
[EL Fine]: sql: 2016-03-31 14:17:36.47--ClientSession(548766266)--Connection(846009143)--Thread(Thread[Test worker,5,main])--SELECT namecase, versionId, createdBy, createdDate, updatedBy, updatedDate, activeStatus, txnAccessCode FROM ast_Nameone_M WHERE (namecase = ?)
	bind => [F7A99035-37F6-4874-AB4E-A4E3C876EABE]
[EL Fine]: sql: 2016-03-31 14:17:36.472--ClientSession(548766266)--Connection(846009143)--Thread(Thread[Test worker,5,main])--DELETE FROM ast_Nameone_M WHERE ((namecase = ?) AND (versionId = ?))
	bind => [F7A99035-37F6-4874-AB4E-A4E3C876EABE, 2]
]]></system-out>
  <system-err><![CDATA[log4j:WARN No appenders could be found for logger (org.springframework.test.context.junit4.SpringJUnit4ClassRunner).
log4j:WARN Please initialize the log4j system properly.
log4j:WARN See http://logging.apache.org/log4j/1.2/faq.html#noconfig for more info.
]]></system-err>
</testsuite>
